<?xml version="1.0" encoding="UTF-8"?>
<!-- Generated by org.testng.reporters.JUnitXMLReporter -->
<testsuite ignored="0" hostname="DESKTOP-91Q46ME" failures="1" tests="4" name="Default test" time="28.128" errors="0" timestamp="2025-03-23T14:07:08 IST">
  <testcase classname="io.cucumber.testng.AbstractTestNGCucumberTests" name="runScenario" time="7.67"/>
  <testcase classname="io.cucumber.testng.AbstractTestNGCucumberTests" name="runScenario" time="6.359"/>
  <testcase classname="io.cucumber.testng.AbstractTestNGCucumberTests" name="runScenario" time="6.609">
    <failure type="java.lang.AssertionError" message="expected [true] but found [false]">
      <![CDATA[java.lang.AssertionError: expected [true] but found [false]
at org.testng.Assert.fail(Assert.java:111)
at org.testng.Assert.failNotEquals(Assert.java:1590)
at org.testng.Assert.assertEqualsImpl(Assert.java:150)
at org.testng.Assert.assertEquals(Assert.java:132)
at org.testng.Assert.assertEquals(Assert.java:1079)
at org.testng.Assert.assertEquals(Assert.java:1043)
at org.testng.Assert.assertEquals(Assert.java:1089)
at cucumbertestcasecode.RepoCCBRFlipkart.VerifyTitle(RepoCCBRFlipkart.java:26)
at cucumbertestcasecode.FlipkartRepoCCTestCaseCode.validated_search_element_with_of_the_page(FlipkartRepoCCTestCaseCode.java:35)
at âœ½.Validated search element with "demo" of the page(file:///D:/Amit%20G/Automation/eclipse-workspace/MavenAutoProject/src/test/java/featuretestcases/Flipkart2.feature:13)
]]>
    </failure>
  </testcase> <!-- runScenario -->
  <testcase classname="io.cucumber.testng.AbstractTestNGCucumberTests" name="runScenario" time="6.47"/>
</testsuite> <!-- Default test -->
